Using pre-set license
Built from '2022.1/staging' branch; Version is '2022.1.0b8 (cca363eec1bc) revision 13411171'; Using compiler version '192829333'; Build Type 'Release'
OS: 'Windows 11  (10.0.26100) 64bit Professional' Language: 'en' Physical Memory: 32584 MB
BatchMode: 1, IsHumanControllingUs: 0, StartBugReporterOnCrash: 0, Is64bit: 1, IsPro: 0

COMMAND LINE ARGUMENTS:
C:\Program Files\Unity Hub\2022.1.0b8\Editor\Unity.exe
-adb2
-batchMode
-noUpm
-name
AssetImportWorker2
-projectPath
D:/Unity/Operations/Unity-Artificial-Intelligence-Programming-Fifth-Edition-main/Chapter03
-logFile
Logs/AssetImportWorker2.log
-srvPort
53800
Successfully changed project path to: D:/Unity/Operations/Unity-Artificial-Intelligence-Programming-Fifth-Edition-main/Chapter03
D:/Unity/Operations/Unity-Artificial-Intelligence-Programming-Fifth-Edition-main/Chapter03
[UnityMemory] Configuration Parameters - Can be set up in boot.config
    "memorysetup-bucket-allocator-granularity=16"
    "memorysetup-bucket-allocator-bucket-count=8"
    "memorysetup-bucket-allocator-block-size=33554432"
    "memorysetup-bucket-allocator-block-count=8"
    "memorysetup-main-allocator-block-size=16777216"
    "memorysetup-thread-allocator-block-size=16777216"
    "memorysetup-gfx-main-allocator-block-size=16777216"
    "memorysetup-gfx-thread-allocator-block-size=16777216"
    "memorysetup-cache-allocator-block-size=4194304"
    "memorysetup-typetree-allocator-block-size=2097152"
    "memorysetup-profiler-bucket-allocator-granularity=16"
    "memorysetup-profiler-bucket-allocator-bucket-count=8"
    "memorysetup-profiler-bucket-allocator-block-size=33554432"
    "memorysetup-profiler-bucket-allocator-block-count=8"
    "memorysetup-profiler-allocator-block-size=16777216"
    "memorysetup-profiler-editor-allocator-block-size=1048576"
    "memorysetup-temp-allocator-size-main=16777216"
    "memorysetup-job-temp-allocator-block-size=2097152"
    "memorysetup-job-temp-allocator-block-size-background=1048576"
    "memorysetup-job-temp-allocator-reduction-small-platforms=262144"
    "memorysetup-temp-allocator-size-background-worker=32768"
    "memorysetup-temp-allocator-size-job-worker=262144"
    "memorysetup-temp-allocator-size-preload-manager=33554432"
    "memorysetup-temp-allocator-size-nav-mesh-worker=65536"
    "memorysetup-temp-allocator-size-audio-worker=65536"
    "memorysetup-temp-allocator-size-cloud-worker=32768"
    "memorysetup-temp-allocator-size-gi-baking-worker=262144"
    "memorysetup-temp-allocator-size-gfx=262144"
OpenGLES2 and OpenGLES3 have been deprecated on iOS.
Refreshing native plugins compatible for Editor in 86.59 ms, found 2 plugins.
Preloading 0 native plugins for Editor in 0.00 ms.
Initialize engine version: 2022.1.0b8 (cca363eec1bc)
[Subsystems] Discovering subsystems at path C:/Program Files/Unity Hub/2022.1.0b8/Editor/Data/Resources/UnitySubsystems
[Subsystems] Discovering subsystems at path D:/Unity/Operations/Unity-Artificial-Intelligence-Programming-Fifth-Edition-main/Chapter03/Assets
GfxDevice: creating device client; threaded=0; jobified=0
Direct3D:
    Version:  Direct3D 11.0 [level 11.1]
    Renderer: NVIDIA GeForce RTX 2070 Super with Max-Q Design (ID=0x1e91)
    Vendor:   NVIDIA
    VRAM:     7989 MB
    Driver:   31.0.15.5161
Initialize mono
Mono path[0] = 'C:/Program Files/Unity Hub/2022.1.0b8/Editor/Data/Managed'
Mono path[1] = 'C:/Program Files/Unity Hub/2022.1.0b8/Editor/Data/MonoBleedingEdge/lib/mono/unityjit-win32'
Mono config path = 'C:/Program Files/Unity Hub/2022.1.0b8/Editor/Data/MonoBleedingEdge/etc'
Using monoOptions --debugger-agent=transport=dt_socket,embedding=1,server=y,suspend=n,address=127.0.0.1:56288
Begin MonoManager ReloadAssembly
Registering precompiled unity dll's ...
Register platform support module: C:/Program Files/Unity Hub/2022.1.0b8/Editor/Data/PlaybackEngines/WindowsStandaloneSupport/UnityEditor.WindowsStandalone.Extensions.dll
Registered in 0.008607 seconds.
Native extension for WindowsStandalone target not found
Refreshing native plugins compatible for Editor in 81.33 ms, found 2 plugins.
Preloading 0 native plugins for Editor in 0.00 ms.
Mono: successfully reloaded assembly
- Completed reload, in  1.258 seconds
Domain Reload Profiling:
	ReloadAssembly (1259ms)
		BeginReloadAssembly (141ms)
			ExecutionOrderSort (0ms)
			DisableScriptedObjects (0ms)
			BackupInstance (0ms)
			ReleaseScriptingObjects (0ms)
			CreateAndSetChildDomain (1ms)
		EndReloadAssembly (893ms)
			LoadAssemblies (137ms)
			RebuildTransferFunctionScriptingTraits (0ms)
			SetupTypeCache (229ms)
				TypeCache.Initialize (229ms)
					TypeCache.ScanAssembly (226ms)
				ResolveRequiredComponents (1ms)
			ReleaseScriptCaches (0ms)
			RebuildScriptCaches (58ms)
			SetupLoadedEditorAssemblies (497ms)
				LogAssemblyErrors (0ms)
				InitializePlatformSupportModulesInManaged (13ms)
				SetLoadedEditorAssemblies (14ms)
				RefreshPlugins (82ms)
				BeforeProcessingInitializeOnLoad (3ms)
				ProcessInitializeOnLoadAttributes (291ms)
				ProcessInitializeOnLoadMethodAttributes (95ms)
				AfterProcessingInitializeOnLoad (0ms)
				EditorAssembliesLoaded (0ms)
			ExecutionOrderSort2 (0ms)
			AwakeInstancesAfterBackupRestoration (0ms)
Platform modules already initialized, skipping
Registering precompiled user dll's ...
Registered in 0.004437 seconds.
Begin MonoManager ReloadAssembly
Native extension for WindowsStandalone target not found
Refreshing native plugins compatible for Editor in 1.20 ms, found 2 plugins.
Preloading 0 native plugins for Editor in 0.00 ms.
Package Manager log level set to [2]
[Package Manager] Server::EnsureServerProcessIsRunning -- launch failed, reason: Unity was launched with the -noUpm command-line argument
[Package Manager] UpmClient::Send -- Unable to send message (not connected to UPM process).
[Package Manager] Cannot connect to Unity Package Manager local server
Mono: successfully reloaded assembly
- Completed reload, in  2.100 seconds
Domain Reload Profiling:
	ReloadAssembly (2102ms)
		BeginReloadAssembly (232ms)
			ExecutionOrderSort (0ms)
			DisableScriptedObjects (11ms)
			BackupInstance (0ms)
			ReleaseScriptingObjects (0ms)
			CreateAndSetChildDomain (39ms)
		EndReloadAssembly (1621ms)
			LoadAssemblies (141ms)
			RebuildTransferFunctionScriptingTraits (0ms)
			SetupTypeCache (373ms)
				TypeCache.Initialize (368ms)
					TypeCache.ScanAssembly (362ms)
				ResolveRequiredComponents (5ms)
			ReleaseScriptCaches (1ms)
			RebuildScriptCaches (96ms)
			SetupLoadedEditorAssemblies (913ms)
				LogAssemblyErrors (0ms)
				InitializePlatformSupportModulesInManaged (9ms)
				SetLoadedEditorAssemblies (13ms)
				RefreshPlugins (1ms)
				BeforeProcessingInitializeOnLoad (119ms)
				ProcessInitializeOnLoadAttributes (546ms)
				ProcessInitializeOnLoadMethodAttributes (204ms)
				AfterProcessingInitializeOnLoad (21ms)
				EditorAssembliesLoaded (0ms)
			ExecutionOrderSort2 (0ms)
			AwakeInstancesAfterBackupRestoration (16ms)
Platform modules already initialized, skipping
========================================================================
Worker process is ready to serve import requests
OpenGLES2 and OpenGLES3 have been deprecated on iOS.
Launched and connected shader compiler UnityShaderCompiler.exe after 0.15 seconds
Refreshing native plugins compatible for Editor in 1.36 ms, found 2 plugins.
Preloading 0 native plugins for Editor in 0.00 ms.
Unloading 2152 Unused Serialized files (Serialized files now loaded: 0)
Unloading 48 unused Assets / (58.4 KB). Loaded Objects now: 2602.
Memory consumption went from 349.4 MB to 349.3 MB.
Total: 16.437000 ms (FindLiveObjects: 0.379900 ms CreateObjectMapping: 0.330300 ms MarkObjects: 15.557300 ms  DeleteObjects: 0.167000 ms)

AssetImportParameters requested are different than current active one (requested -> active):
  custom:video-decoder-ogg-theora: a1e56fd34408186e4bbccfd4996cb3dc -> 
  custom:container-muxer-webm: aa71ff27fc2769a1b78a27578f13a17b -> 
  custom:container-demuxer-webm: 4f35f7cbe854078d1ac9338744f61a02 -> 
  custom:video-encoder-webm-vp8: eb34c28f22e8b96e1ab97ce403110664 -> 
  custom:audio-encoder-webm-vorbis: bf7c407c2cedff20999df2af8eb42d56 -> 
  custom:framework-win-MediaFoundation: 216162199b28c13a410421893ffa2e32 -> 
  custom:container-demuxer-ogg: 62fdf1f143b41e24485cea50d1cbac27 -> 
  custom:video-decoder-webm-vp8: 9c59270c3fd7afecdb556c50c9e8de78 -> 
  custom:audio-decoder-ogg-vorbis: bf7c407c2cedff20999df2af8eb42d56 -> 
========================================================================
Received Import Request.
  Time since last request: 40893.729731 seconds.
  path: Assets/Assets/Military/Materials/Head1.mat
  artifactKey: Guid(01e354ee2a262cf40a7b08040b6236fe) Importer(815301076,1909f56bfc062723c751e8b465ee728b)
Start importing Assets/Assets/Military/Materials/Head1.mat using Guid(01e354ee2a262cf40a7b08040b6236fe) Importer(815301076,1909f56bfc062723c751e8b465ee728b)  -> (artifact id: '4935e0d1cdaaaa98a6c55e28a741dc53') in 0.501673 seconds 
========================================================================
Received Import Request.
  Time since last request: 0.000058 seconds.
  path: Assets/Assets/Military/Materials/Backpack1_Skin1.mat
  artifactKey: Guid(bb22c5d48abf85d4f98617d056e1d110) Importer(815301076,1909f56bfc062723c751e8b465ee728b)
Start importing Assets/Assets/Military/Materials/Backpack1_Skin1.mat using Guid(bb22c5d48abf85d4f98617d056e1d110) Importer(815301076,1909f56bfc062723c751e8b465ee728b)  -> (artifact id: '560652019fba47989a0fcd14db6c8426') in 0.048893 seconds 
========================================================================
Received Import Request.
  Time since last request: 0.000030 seconds.
  path: Assets/Assets/Military/Materials/Pants2_Skin2.mat
  artifactKey: Guid(91e1bfddab2e07149a6e37f1c74aa6e0) Importer(815301076,1909f56bfc062723c751e8b465ee728b)
Start importing Assets/Assets/Military/Materials/Pants2_Skin2.mat using Guid(91e1bfddab2e07149a6e37f1c74aa6e0) Importer(815301076,1909f56bfc062723c751e8b465ee728b)  -> (artifact id: '273a89163871f6e2a27db32b5dd814ec') in 0.041621 seconds 
========================================================================
Received Import Request.
  Time since last request: 0.000025 seconds.
  path: Assets/Assets/Military/Materials/Hands1_Skin1.mat
  artifactKey: Guid(a4f3038e85335ab4eb10f074fda8b6ad) Importer(815301076,1909f56bfc062723c751e8b465ee728b)
Start importing Assets/Assets/Military/Materials/Hands1_Skin1.mat using Guid(a4f3038e85335ab4eb10f074fda8b6ad) Importer(815301076,1909f56bfc062723c751e8b465ee728b)  -> (artifact id: 'e0f2222edf84bb90a7edd473349b414c') in 0.054120 seconds 
========================================================================
Received Import Request.
  Time since last request: 0.907496 seconds.
  path: Assets/Assets/Military_free/Materials
  artifactKey: Guid(addf22b9651c9784eab52b08a8e068ec) Importer(815301076,1909f56bfc062723c751e8b465ee728b)
Start importing Assets/Assets/Military_free/Materials using Guid(addf22b9651c9784eab52b08a8e068ec) Importer(815301076,1909f56bfc062723c751e8b465ee728b)  -> (artifact id: '838c727b2eeb5f41ac9186b7ac2b20c5') in 0.005682 seconds 
========================================================================
Received Import Request.
  Time since last request: 0.044763 seconds.
  path: Assets/Assets/Military_free/Materials/Material.mat
  artifactKey: Guid(b19d7cac7201acd479d2777fc66864ac) Importer(815301076,1909f56bfc062723c751e8b465ee728b)
Start importing Assets/Assets/Military_free/Materials/Material.mat using Guid(b19d7cac7201acd479d2777fc66864ac) Importer(815301076,1909f56bfc062723c751e8b465ee728b)  -> (artifact id: '0fc4239bda13d33b91712f9074da78b6') in 0.030008 seconds 
========================================================================
Received Import Request.
  Time since last request: 2.746819 seconds.
  path: Assets/Assets/Military_pack/Off-road vehicle
  artifactKey: Guid(afb1c01e7d9405f468fe4b153c24172c) Importer(815301076,1909f56bfc062723c751e8b465ee728b)
Start importing Assets/Assets/Military_pack/Off-road vehicle using Guid(afb1c01e7d9405f468fe4b153c24172c) Importer(815301076,1909f56bfc062723c751e8b465ee728b)  -> (artifact id: 'dfe368096573e670cddf76f075f5b3ec') in 0.006093 seconds 
========================================================================
Received Import Request.
  Time since last request: 0.901860 seconds.
  path: Assets/Assets/Military_pack/Off-road vehicle/Material
  artifactKey: Guid(dc634320def8fd740b86368ee02898c8) Importer(815301076,1909f56bfc062723c751e8b465ee728b)
Start importing Assets/Assets/Military_pack/Off-road vehicle/Material using Guid(dc634320def8fd740b86368ee02898c8) Importer(815301076,1909f56bfc062723c751e8b465ee728b)  -> (artifact id: '968827104190b0a801d70170ba3efa79') in 0.005178 seconds 
========================================================================
Received Import Request.
  Time since last request: 0.051564 seconds.
  path: Assets/Assets/Military_pack/Off-road vehicle/Material/Ground.mat
  artifactKey: Guid(06d5f2b9ee672a44784e5710f04af6f3) Importer(815301076,1909f56bfc062723c751e8b465ee728b)
Start importing Assets/Assets/Military_pack/Off-road vehicle/Material/Ground.mat using Guid(06d5f2b9ee672a44784e5710f04af6f3) Importer(815301076,1909f56bfc062723c751e8b465ee728b)  -> (artifact id: '595fda5840070b632d0f5dcaaa96b694') in 0.023400 seconds 
========================================================================
Received Import Request.
  Time since last request: 3.460813 seconds.
  path: Assets/Assets/PBR Ground Materials #1 [Dirt& Grass]/Demo
  artifactKey: Guid(4fdec36e831efa942afadf787d3e8937) Importer(815301076,1909f56bfc062723c751e8b465ee728b)
Start importing Assets/Assets/PBR Ground Materials #1 [Dirt& Grass]/Demo using Guid(4fdec36e831efa942afadf787d3e8937) Importer(815301076,1909f56bfc062723c751e8b465ee728b)  -> (artifact id: 'aceb653d250f1e1562a56dbcd385144a') in 0.003940 seconds 
========================================================================
Received Import Request.
  Time since last request: 0.856058 seconds.
  path: Assets/Assets/PBR Ground Materials #1 [Dirt& Grass]/Materials
  artifactKey: Guid(84d0017ec34ec9b439a1de332d0ed9dc) Importer(815301076,1909f56bfc062723c751e8b465ee728b)
Start importing Assets/Assets/PBR Ground Materials #1 [Dirt& Grass]/Materials using Guid(84d0017ec34ec9b439a1de332d0ed9dc) Importer(815301076,1909f56bfc062723c751e8b465ee728b)  -> (artifact id: '336de0a2c7b9ccae9d3afb53c969dd2e') in 0.005270 seconds 
========================================================================
Received Import Request.
  Time since last request: 1.232892 seconds.
  path: Assets/Assets/PBR Ground Materials #1 [Dirt& Grass]/Materials/Dirt
  artifactKey: Guid(b2e6ebd7ed4c8414c860951f8a4c8cc4) Importer(815301076,1909f56bfc062723c751e8b465ee728b)
Start importing Assets/Assets/PBR Ground Materials #1 [Dirt& Grass]/Materials/Dirt using Guid(b2e6ebd7ed4c8414c860951f8a4c8cc4) Importer(815301076,1909f56bfc062723c751e8b465ee728b)  -> (artifact id: '6306bc9c7efb8e5ff48744d73024d6f0') in 0.003903 seconds 
========================================================================
Received Import Request.
  Time since last request: 0.049786 seconds.
  path: Assets/Assets/PBR Ground Materials #1 [Dirt& Grass]/Materials/Dirt/Dirt_01.mat
  artifactKey: Guid(a398c3c5fc65e4645966749a9fc7c21f) Importer(815301076,1909f56bfc062723c751e8b465ee728b)
Start importing Assets/Assets/PBR Ground Materials #1 [Dirt& Grass]/Materials/Dirt/Dirt_01.mat using Guid(a398c3c5fc65e4645966749a9fc7c21f) Importer(815301076,1909f56bfc062723c751e8b465ee728b)  -> (artifact id: 'e6dd884079015d52039c252c14541660') in 0.056051 seconds 
========================================================================
Received Import Request.
  Time since last request: 0.000028 seconds.
  path: Assets/Assets/PBR Ground Materials #1 [Dirt& Grass]/Materials/Dirt/Dirt_21.mat
  artifactKey: Guid(489a3e866676f014aa953dbdb5ac632e) Importer(815301076,1909f56bfc062723c751e8b465ee728b)
Start importing Assets/Assets/PBR Ground Materials #1 [Dirt& Grass]/Materials/Dirt/Dirt_21.mat using Guid(489a3e866676f014aa953dbdb5ac632e) Importer(815301076,1909f56bfc062723c751e8b465ee728b)  -> (artifact id: '2192d9a590f5c5c49a0a9dd1277450f1') in 0.061871 seconds 
========================================================================
Received Import Request.
  Time since last request: 0.000047 seconds.
  path: Assets/Assets/PBR Ground Materials #1 [Dirt& Grass]/Materials/Dirt/Dirt_22.mat
  artifactKey: Guid(0bee50b1cc7005644ab2fa7fac283ca1) Importer(815301076,1909f56bfc062723c751e8b465ee728b)
Start importing Assets/Assets/PBR Ground Materials #1 [Dirt& Grass]/Materials/Dirt/Dirt_22.mat using Guid(0bee50b1cc7005644ab2fa7fac283ca1) Importer(815301076,1909f56bfc062723c751e8b465ee728b)  -> (artifact id: '3787af087f37d1f85eaec44f4fa15532') in 0.059791 seconds 
========================================================================
Received Import Request.
  Time since last request: 0.000021 seconds.
  path: Assets/Assets/PBR Ground Materials #1 [Dirt& Grass]/Materials/Dirt/Dirt_09.mat
  artifactKey: Guid(f239736094bddea4392655be3062ae9f) Importer(815301076,1909f56bfc062723c751e8b465ee728b)
Start importing Assets/Assets/PBR Ground Materials #1 [Dirt& Grass]/Materials/Dirt/Dirt_09.mat using Guid(f239736094bddea4392655be3062ae9f) Importer(815301076,1909f56bfc062723c751e8b465ee728b)  -> (artifact id: '58e76155f28efd017ac04296de7d9681') in 0.068241 seconds 
========================================================================
Received Import Request.
  Time since last request: 0.000018 seconds.
  path: Assets/Assets/PBR Ground Materials #1 [Dirt& Grass]/Materials/Dirt/Dirt_07.mat
  artifactKey: Guid(e33adc884f21a51458c886c44c968355) Importer(815301076,1909f56bfc062723c751e8b465ee728b)
Start importing Assets/Assets/PBR Ground Materials #1 [Dirt& Grass]/Materials/Dirt/Dirt_07.mat using Guid(e33adc884f21a51458c886c44c968355) Importer(815301076,1909f56bfc062723c751e8b465ee728b)  -> (artifact id: '51fa141f34f3dd1979d7cbb405c266cd') in 0.063270 seconds 
========================================================================
Received Import Request.
  Time since last request: 0.000021 seconds.
  path: Assets/Assets/PBR Ground Materials #1 [Dirt& Grass]/Materials/Dirt/Dirt_13.mat
  artifactKey: Guid(eeadb48c8aae8004c9d125913af3002e) Importer(815301076,1909f56bfc062723c751e8b465ee728b)
Start importing Assets/Assets/PBR Ground Materials #1 [Dirt& Grass]/Materials/Dirt/Dirt_13.mat using Guid(eeadb48c8aae8004c9d125913af3002e) Importer(815301076,1909f56bfc062723c751e8b465ee728b)  -> (artifact id: '585194778b31217265b69fac54b3f57c') in 0.060940 seconds 
========================================================================
Received Import Request.
  Time since last request: 0.000021 seconds.
  path: Assets/Assets/PBR Ground Materials #1 [Dirt& Grass]/Materials/Dirt/Dirt_10.mat
  artifactKey: Guid(8ac041fdb5b95b543a98945f574ddfb7) Importer(815301076,1909f56bfc062723c751e8b465ee728b)
Start importing Assets/Assets/PBR Ground Materials #1 [Dirt& Grass]/Materials/Dirt/Dirt_10.mat using Guid(8ac041fdb5b95b543a98945f574ddfb7) Importer(815301076,1909f56bfc062723c751e8b465ee728b)  -> (artifact id: '49a429cbc62da2b3ec75f8784c0e89dd') in 0.067392 seconds 
========================================================================
Received Import Request.
  Time since last request: 0.000040 seconds.
  path: Assets/Assets/PBR Ground Materials #1 [Dirt& Grass]/Materials/Dirt/Dirt_18.mat
  artifactKey: Guid(92dc7bceb0ad09443a334d5825948026) Importer(815301076,1909f56bfc062723c751e8b465ee728b)
Start importing Assets/Assets/PBR Ground Materials #1 [Dirt& Grass]/Materials/Dirt/Dirt_18.mat using Guid(92dc7bceb0ad09443a334d5825948026) Importer(815301076,1909f56bfc062723c751e8b465ee728b)  -> (artifact id: '3a184b32505f620bee79c8fefcfb19e1') in 0.065968 seconds 
========================================================================
Received Import Request.
  Time since last request: 0.000033 seconds.
  path: Assets/Assets/PBR Ground Materials #1 [Dirt& Grass]/Materials/Dirt/Dirt_16.mat
  artifactKey: Guid(886dc08794ee9554b8c6b7f194bdbe5c) Importer(815301076,1909f56bfc062723c751e8b465ee728b)
Start importing Assets/Assets/PBR Ground Materials #1 [Dirt& Grass]/Materials/Dirt/Dirt_16.mat using Guid(886dc08794ee9554b8c6b7f194bdbe5c) Importer(815301076,1909f56bfc062723c751e8b465ee728b)  -> (artifact id: 'daf0d91e2792e7de7e4fb5f9eb75538b') in 0.051550 seconds 
========================================================================
Received Import Request.
  Time since last request: 0.000024 seconds.
  path: Assets/Assets/PBR Ground Materials #1 [Dirt& Grass]/Materials/Dirt/Dirt_24.mat
  artifactKey: Guid(0cd62f91930cc65488f9fda9e8b496e5) Importer(815301076,1909f56bfc062723c751e8b465ee728b)
Start importing Assets/Assets/PBR Ground Materials #1 [Dirt& Grass]/Materials/Dirt/Dirt_24.mat using Guid(0cd62f91930cc65488f9fda9e8b496e5) Importer(815301076,1909f56bfc062723c751e8b465ee728b)  -> (artifact id: '105957d96e5be0e13df1e5d2d4197881') in 0.051348 seconds 
========================================================================
Received Import Request.
  Time since last request: 9.860127 seconds.
  path: Assets/Assets/PBR Ground Materials #1 [Dirt& Grass]/Materials/Grass
  artifactKey: Guid(038735602660a85418863696b06f1579) Importer(815301076,1909f56bfc062723c751e8b465ee728b)
Start importing Assets/Assets/PBR Ground Materials #1 [Dirt& Grass]/Materials/Grass using Guid(038735602660a85418863696b06f1579) Importer(815301076,1909f56bfc062723c751e8b465ee728b)  -> (artifact id: '738b72ce2d1d3c1d41ecc6214d760d10') in 0.003778 seconds 
========================================================================
Received Import Request.
  Time since last request: 0.052299 seconds.
  path: Assets/Assets/PBR Ground Materials #1 [Dirt& Grass]/Materials/Grass/Grass_01.mat
  artifactKey: Guid(9316ce98439a2c54eb88ac7a42ea205b) Importer(815301076,1909f56bfc062723c751e8b465ee728b)
Start importing Assets/Assets/PBR Ground Materials #1 [Dirt& Grass]/Materials/Grass/Grass_01.mat using Guid(9316ce98439a2c54eb88ac7a42ea205b) Importer(815301076,1909f56bfc062723c751e8b465ee728b)  -> (artifact id: '723da538446f172daaf2c13b13a65143') in 0.067168 seconds 
========================================================================
Received Import Request.
  Time since last request: 0.000071 seconds.
  path: Assets/Assets/PBR Ground Materials #1 [Dirt& Grass]/Materials/Grass/Grass_06.mat
  artifactKey: Guid(dc9bec98a1cf77845a6f674834fff3c5) Importer(815301076,1909f56bfc062723c751e8b465ee728b)
Start importing Assets/Assets/PBR Ground Materials #1 [Dirt& Grass]/Materials/Grass/Grass_06.mat using Guid(dc9bec98a1cf77845a6f674834fff3c5) Importer(815301076,1909f56bfc062723c751e8b465ee728b)  -> (artifact id: '6aaa14d87075d01e0575606288e478ba') in 0.067665 seconds 
========================================================================
Received Import Request.
  Time since last request: 0.000022 seconds.
  path: Assets/Assets/PBR Ground Materials #1 [Dirt& Grass]/Materials/Grass/Grass_07.mat
  artifactKey: Guid(424dce074fd7a284e894ca8d82dffddb) Importer(815301076,1909f56bfc062723c751e8b465ee728b)
Start importing Assets/Assets/PBR Ground Materials #1 [Dirt& Grass]/Materials/Grass/Grass_07.mat using Guid(424dce074fd7a284e894ca8d82dffddb) Importer(815301076,1909f56bfc062723c751e8b465ee728b)  -> (artifact id: '16e3b7118dd8600d04c6730d725b0ce4') in 0.072520 seconds 
========================================================================
Received Prepare
OpenGLES2 and OpenGLES3 have been deprecated on iOS.
Registering precompiled user dll's ...
Registered in 0.003881 seconds.
Begin MonoManager ReloadAssembly
Native extension for WindowsStandalone target not found
Refreshing native plugins compatible for Editor in 0.98 ms, found 2 plugins.
Preloading 0 native plugins for Editor in 0.00 ms.
[Package Manager] Server::EnsureServerProcessIsRunning -- launch failed, reason: Unity was launched with the -noUpm command-line argument
[Package Manager] UpmClient::Send -- Unable to send message (not connected to UPM process).
[Package Manager] Cannot connect to Unity Package Manager local server
Mono: successfully reloaded assembly
- Completed reload, in  1.699 seconds
Domain Reload Profiling:
	ReloadAssembly (1700ms)
		BeginReloadAssembly (161ms)
			ExecutionOrderSort (0ms)
			DisableScriptedObjects (7ms)
			BackupInstance (0ms)
			ReleaseScriptingObjects (0ms)
			CreateAndSetChildDomain (47ms)
		EndReloadAssembly (1403ms)
			LoadAssemblies (86ms)
			RebuildTransferFunctionScriptingTraits (0ms)
			SetupTypeCache (272ms)
				TypeCache.Initialize (266ms)
					TypeCache.ScanAssembly (260ms)
				ResolveRequiredComponents (5ms)
			ReleaseScriptCaches (1ms)
			RebuildScriptCaches (69ms)
			SetupLoadedEditorAssemblies (847ms)
				LogAssemblyErrors (0ms)
				InitializePlatformSupportModulesInManaged (15ms)
				SetLoadedEditorAssemblies (10ms)
				RefreshPlugins (1ms)
				BeforeProcessingInitializeOnLoad (72ms)
				ProcessInitializeOnLoadAttributes (445ms)
				ProcessInitializeOnLoadMethodAttributes (286ms)
				AfterProcessingInitializeOnLoad (18ms)
				EditorAssembliesLoaded (0ms)
			ExecutionOrderSort2 (0ms)
			AwakeInstancesAfterBackupRestoration (23ms)
Platform modules already initialized, skipping
Refreshing native plugins compatible for Editor in 5.97 ms, found 2 plugins.
Preloading 0 native plugins for Editor in 0.00 ms.
Unloading 2133 Unused Serialized files (Serialized files now loaded: 0)
Unloading 37 unused Assets / (25.4 KB). Loaded Objects now: 2644.
Memory consumption went from 349.9 MB to 349.9 MB.
Total: 12.964900 ms (FindLiveObjects: 0.382100 ms CreateObjectMapping: 0.300600 ms MarkObjects: 12.241700 ms  DeleteObjects: 0.038400 ms)

AssetImportParameters requested are different than current active one (requested -> active):
  custom:video-decoder-ogg-theora: a1e56fd34408186e4bbccfd4996cb3dc -> 
  custom:container-muxer-webm: aa71ff27fc2769a1b78a27578f13a17b -> 
  custom:container-demuxer-webm: 4f35f7cbe854078d1ac9338744f61a02 -> 
  custom:video-encoder-webm-vp8: eb34c28f22e8b96e1ab97ce403110664 -> 
  custom:audio-encoder-webm-vorbis: bf7c407c2cedff20999df2af8eb42d56 -> 
  custom:framework-win-MediaFoundation: 216162199b28c13a410421893ffa2e32 -> 
  custom:container-demuxer-ogg: 62fdf1f143b41e24485cea50d1cbac27 -> 
  custom:video-decoder-webm-vp8: 9c59270c3fd7afecdb556c50c9e8de78 -> 
  custom:audio-decoder-ogg-vorbis: bf7c407c2cedff20999df2af8eb42d56 -> 
Editor requested this worker to shutdown with reason: Scaling down because of idle timeout
AssetImportWorker is now disconnected from the server
Process exiting
Exiting without the bug reporter. Application will terminate with return code 0